This is pdfTeX, Version 3.14159265-2.6-1.40.21 (TeX Live 2020/Debian) (preloaded format=pdflatex 2022.3.13)  5 JAN 2023 17:15
entering extended mode
 restricted \write18 enabled.
 %&-line parsing enabled.
**ti_answers.tex
(./ti_answers.tex
LaTeX2e <2020-10-01> patch level 4
L3 programming layer <2021-01-09> xparse <2020-03-03>
(/usr/share/texlive/texmf-dist/tex/latex/base/article.cls
Document Class: article 2020/04/10 v1.4m Standard LaTeX document class
(/usr/share/texlive/texmf-dist/tex/latex/base/size10.clo
File: size10.clo 2020/04/10 v1.4m Standard LaTeX file (size option)
)
\c@part=\count177
\c@section=\count178
\c@subsection=\count179
\c@subsubsection=\count180
\c@paragraph=\count181
\c@subparagraph=\count182
\c@figure=\count183
\c@table=\count184
\abovecaptionskip=\skip47
\belowcaptionskip=\skip48
\bibindent=\dimen138
)
(/usr/share/texlive/texmf-dist/tex/latex/base/inputenc.sty
Package: inputenc 2020/08/01 v1.3d Input encoding file
\inpenc@prehook=\toks15
\inpenc@posthook=\toks16
)
(/usr/share/texlive/texmf-dist/tex/generic/babel/babel.sty
Package: babel 2021/01/26 3.53 The Babel package

(/usr/share/texlive/texmf-dist/tex/generic/babel/babel.def
File: babel.def 2021/01/26 3.53 Babel common definitions
\babel@savecnt=\count185
\U@D=\dimen139
\l@babelnohyphens=\language12

(/usr/share/texlive/texmf-dist/tex/generic/babel/txtbabel.def)
\bbl@readstream=\read2
)
\bbl@dirlevel=\count186

(/usr/share/texlive/texmf-dist/tex/generic/babel-russian/russianb.ldf
File: russianb.ldf 2021/01/10 1.3m Russian support for the Babel system
Language: russian 2020/09/09 1.3k Russian support for the Babel system


Package babel Warning: No Cyrillic font encoding has been loaded so far.
(babel)                A font encoding should be declared before babel.
(babel)                Default `T2A' encoding will be loaded  on input line 78.


(/usr/share/texlive/texmf-dist/tex/latex/cyrillic/t2aenc.def
File: t2aenc.def 2005/09/27 v1.0i Cyrillic encoding definition file
Now handling font encoding T2A ...
... processing UTF-8 mapping file for font encoding T2A

(/usr/share/texlive/texmf-dist/tex/latex/base/t2aenc.dfu
File: t2aenc.dfu 2019/11/14 v1.2k UTF-8 support for inputenc
   defining Unicode char U+00A4 (decimal 164)
   defining Unicode char U+00A7 (decimal 167)
   defining Unicode char U+00AB (decimal 171)
   defining Unicode char U+00BB (decimal 187)
   defining Unicode char U+0131 (decimal 305)
   defining Unicode char U+0237 (decimal 567)
   defining Unicode char U+0400 (decimal 1024)
   defining Unicode char U+0401 (decimal 1025)
   defining Unicode char U+0402 (decimal 1026)
   defining Unicode char U+0403 (decimal 1027)
   defining Unicode char U+0404 (decimal 1028)
   defining Unicode char U+0405 (decimal 1029)
   defining Unicode char U+0406 (decimal 1030)
   defining Unicode char U+0407 (decimal 1031)
   defining Unicode char U+0408 (decimal 1032)
   defining Unicode char U+0409 (decimal 1033)
   defining Unicode char U+040A (decimal 1034)
   defining Unicode char U+040B (decimal 1035)
   defining Unicode char U+040C (decimal 1036)
   defining Unicode char U+040D (decimal 1037)
   defining Unicode char U+040E (decimal 1038)
   defining Unicode char U+040F (decimal 1039)
   defining Unicode char U+0410 (decimal 1040)
   defining Unicode char U+0411 (decimal 1041)
   defining Unicode char U+0412 (decimal 1042)
   defining Unicode char U+0413 (decimal 1043)
   defining Unicode char U+0414 (decimal 1044)
   defining Unicode char U+0415 (decimal 1045)
   defining Unicode char U+0416 (decimal 1046)
   defining Unicode char U+0417 (decimal 1047)
   defining Unicode char U+0418 (decimal 1048)
   defining Unicode char U+0419 (decimal 1049)
   defining Unicode char U+041A (decimal 1050)
   defining Unicode char U+041B (decimal 1051)
   defining Unicode char U+041C (decimal 1052)
   defining Unicode char U+041D (decimal 1053)
   defining Unicode char U+041E (decimal 1054)
   defining Unicode char U+041F (decimal 1055)
   defining Unicode char U+0420 (decimal 1056)
   defining Unicode char U+0421 (decimal 1057)
   defining Unicode char U+0422 (decimal 1058)
   defining Unicode char U+0423 (decimal 1059)
   defining Unicode char U+0424 (decimal 1060)
   defining Unicode char U+0425 (decimal 1061)
   defining Unicode char U+0426 (decimal 1062)
   defining Unicode char U+0427 (decimal 1063)
   defining Unicode char U+0428 (decimal 1064)
   defining Unicode char U+0429 (decimal 1065)
   defining Unicode char U+042A (decimal 1066)
   defining Unicode char U+042B (decimal 1067)
   defining Unicode char U+042C (decimal 1068)
   defining Unicode char U+042D (decimal 1069)
   defining Unicode char U+042E (decimal 1070)
   defining Unicode char U+042F (decimal 1071)
   defining Unicode char U+0430 (decimal 1072)
   defining Unicode char U+0431 (decimal 1073)
   defining Unicode char U+0432 (decimal 1074)
   defining Unicode char U+0433 (decimal 1075)
   defining Unicode char U+0434 (decimal 1076)
   defining Unicode char U+0435 (decimal 1077)
   defining Unicode char U+0436 (decimal 1078)
   defining Unicode char U+0437 (decimal 1079)
   defining Unicode char U+0438 (decimal 1080)
   defining Unicode char U+0439 (decimal 1081)
   defining Unicode char U+043A (decimal 1082)
   defining Unicode char U+043B (decimal 1083)
   defining Unicode char U+043C (decimal 1084)
   defining Unicode char U+043D (decimal 1085)
   defining Unicode char U+043E (decimal 1086)
   defining Unicode char U+043F (decimal 1087)
   defining Unicode char U+0440 (decimal 1088)
   defining Unicode char U+0441 (decimal 1089)
   defining Unicode char U+0442 (decimal 1090)
   defining Unicode char U+0443 (decimal 1091)
   defining Unicode char U+0444 (decimal 1092)
   defining Unicode char U+0445 (decimal 1093)
   defining Unicode char U+0446 (decimal 1094)
   defining Unicode char U+0447 (decimal 1095)
   defining Unicode char U+0448 (decimal 1096)
   defining Unicode char U+0449 (decimal 1097)
   defining Unicode char U+044A (decimal 1098)
   defining Unicode char U+044B (decimal 1099)
   defining Unicode char U+044C (decimal 1100)
   defining Unicode char U+044D (decimal 1101)
   defining Unicode char U+044E (decimal 1102)
   defining Unicode char U+044F (decimal 1103)
   defining Unicode char U+0450 (decimal 1104)
   defining Unicode char U+0451 (decimal 1105)
   defining Unicode char U+0452 (decimal 1106)
   defining Unicode char U+0453 (decimal 1107)
   defining Unicode char U+0454 (decimal 1108)
   defining Unicode char U+0455 (decimal 1109)
   defining Unicode char U+0456 (decimal 1110)
   defining Unicode char U+0457 (decimal 1111)
   defining Unicode char U+0458 (decimal 1112)
   defining Unicode char U+0459 (decimal 1113)
   defining Unicode char U+045A (decimal 1114)
   defining Unicode char U+045B (decimal 1115)
   defining Unicode char U+045C (decimal 1116)
   defining Unicode char U+045D (decimal 1117)
   defining Unicode char U+045E (decimal 1118)
   defining Unicode char U+045F (decimal 1119)
   defining Unicode char U+0490 (decimal 1168)
   defining Unicode char U+0491 (decimal 1169)
   defining Unicode char U+0492 (decimal 1170)
   defining Unicode char U+0493 (decimal 1171)
   defining Unicode char U+0496 (decimal 1174)
   defining Unicode char U+0497 (decimal 1175)
   defining Unicode char U+0498 (decimal 1176)
   defining Unicode char U+0499 (decimal 1177)
   defining Unicode char U+049A (decimal 1178)
   defining Unicode char U+049B (decimal 1179)
   defining Unicode char U+049C (decimal 1180)
   defining Unicode char U+049D (decimal 1181)
   defining Unicode char U+04A0 (decimal 1184)
   defining Unicode char U+04A1 (decimal 1185)
   defining Unicode char U+04A2 (decimal 1186)
   defining Unicode char U+04A3 (decimal 1187)
   defining Unicode char U+04A4 (decimal 1188)
   defining Unicode char U+04A5 (decimal 1189)
   defining Unicode char U+04AA (decimal 1194)
   defining Unicode char U+04AB (decimal 1195)
   defining Unicode char U+04AE (decimal 1198)
   defining Unicode char U+04AF (decimal 1199)
   defining Unicode char U+04B0 (decimal 1200)
   defining Unicode char U+04B1 (decimal 1201)
   defining Unicode char U+04B2 (decimal 1202)
   defining Unicode char U+04B3 (decimal 1203)
   defining Unicode char U+04B6 (decimal 1206)
   defining Unicode char U+04B7 (decimal 1207)
   defining Unicode char U+04B8 (decimal 1208)
   defining Unicode char U+04B9 (decimal 1209)
   defining Unicode char U+04BA (decimal 1210)
   defining Unicode char U+04BB (decimal 1211)
   defining Unicode char U+04C0 (decimal 1216)
   defining Unicode char U+04C1 (decimal 1217)
   defining Unicode char U+04C2 (decimal 1218)
   defining Unicode char U+04D0 (decimal 1232)
   defining Unicode char U+04D1 (decimal 1233)
   defining Unicode char U+04D2 (decimal 1234)
   defining Unicode char U+04D3 (decimal 1235)
   defining Unicode char U+04D4 (decimal 1236)
   defining Unicode char U+04D5 (decimal 1237)
   defining Unicode char U+04D6 (decimal 1238)
   defining Unicode char U+04D7 (decimal 1239)
   defining Unicode char U+04D8 (decimal 1240)
   defining Unicode char U+04D9 (decimal 1241)
   defining Unicode char U+04DA (decimal 1242)
   defining Unicode char U+04DB (decimal 1243)
   defining Unicode char U+04DC (decimal 1244)
   defining Unicode char U+04DD (decimal 1245)
   defining Unicode char U+04DE (decimal 1246)
   defining Unicode char U+04DF (decimal 1247)
   defining Unicode char U+04E2 (decimal 1250)
   defining Unicode char U+04E3 (decimal 1251)
   defining Unicode char U+04E4 (decimal 1252)
   defining Unicode char U+04E5 (decimal 1253)
   defining Unicode char U+04E6 (decimal 1254)
   defining Unicode char U+04E7 (decimal 1255)
   defining Unicode char U+04E8 (decimal 1256)
   defining Unicode char U+04E9 (decimal 1257)
   defining Unicode char U+04EC (decimal 1260)
   defining Unicode char U+04ED (decimal 1261)
   defining Unicode char U+04EE (decimal 1262)
   defining Unicode char U+04EF (decimal 1263)
   defining Unicode char U+04F0 (decimal 1264)
   defining Unicode char U+04F1 (decimal 1265)
   defining Unicode char U+04F2 (decimal 1266)
   defining Unicode char U+04F3 (decimal 1267)
   defining Unicode char U+04F4 (decimal 1268)
   defining Unicode char U+04F5 (decimal 1269)
   defining Unicode char U+04F8 (decimal 1272)
   defining Unicode char U+04F9 (decimal 1273)
   defining Unicode char U+200C (decimal 8204)
   defining Unicode char U+2013 (decimal 8211)
   defining Unicode char U+2014 (decimal 8212)
   defining Unicode char U+2018 (decimal 8216)
   defining Unicode char U+2019 (decimal 8217)
   defining Unicode char U+201C (decimal 8220)
   defining Unicode char U+201D (decimal 8221)
   defining Unicode char U+201E (decimal 8222)
   defining Unicode char U+2030 (decimal 8240)
   defining Unicode char U+2031 (decimal 8241)
   defining Unicode char U+2116 (decimal 8470)
   defining Unicode char U+2329 (decimal 9001)
   defining Unicode char U+232A (decimal 9002)
   defining Unicode char U+2423 (decimal 9251)
   defining Unicode char U+27E8 (decimal 10216)
   defining Unicode char U+27E9 (decimal 10217)
   defining Unicode char U+FB00 (decimal 64256)
   defining Unicode char U+FB01 (decimal 64257)
   defining Unicode char U+FB02 (decimal 64258)
   defining Unicode char U+FB03 (decimal 64259)
   defining Unicode char U+FB04 (decimal 64260)
   defining Unicode char U+FB05 (decimal 64261)
   defining Unicode char U+FB06 (decimal 64262)
))
Package babel Info: Making " an active character on input line 124.
Package babel Info: Default for \cyrdash is provided on input line 163.
))
(/usr/share/texlive/texmf-dist/tex/latex/base/fontenc.sty
Package: fontenc 2020/08/10 v2.0s Standard LaTeX package
LaTeX Font Info:    Trying to load font information for T2A+cmr on input line 1
12.

(/usr/share/texlive/texmf-dist/tex/latex/cyrillic/t2acmr.fd
File: t2acmr.fd 2001/08/11 v1.0a Computer Modern Cyrillic font definitions
))
(/usr/share/texlive/texmf-dist/tex/latex/vmargin/vmargin.sty
Package: vmargin 2004/07/15 V2.5 set document margins (VK)

Package: vmargin 2004/07/15 V2.5 set document margins (VK)
\PaperWidth=\dimen140
\PaperHeight=\dimen141
) (/usr/share/texlive/texmf-dist/tex/latex/tools/indentfirst.sty
Package: indentfirst 1995/11/23 v1.03 Indent first paragraph (DPC)
)
(/usr/share/texlive/texmf-dist/tex/latex/mathtools/mathtools.sty
Package: mathtools 2020/03/24 v1.24 mathematical typesetting tools

(/usr/share/texlive/texmf-dist/tex/latex/graphics/keyval.sty
Package: keyval 2014/10/28 v1.15 key=value parser (DPC)
\KV@toks@=\toks17
)
(/usr/share/texlive/texmf-dist/tex/latex/tools/calc.sty
Package: calc 2017/05/25 v4.3 Infix arithmetic (KKT,FJ)
\calc@Acount=\count187
\calc@Bcount=\count188
\calc@Adimen=\dimen142
\calc@Bdimen=\dimen143
\calc@Askip=\skip49
\calc@Bskip=\skip50
LaTeX Info: Redefining \setlength on input line 80.
LaTeX Info: Redefining \addtolength on input line 81.
\calc@Ccount=\count189
\calc@Cskip=\skip51
)
(/usr/share/texlive/texmf-dist/tex/latex/mathtools/mhsetup.sty
Package: mhsetup 2017/03/31 v1.3 programming setup (MH)
)
(/usr/share/texlive/texmf-dist/tex/latex/amsmath/amsmath.sty
Package: amsmath 2020/09/23 v2.17i AMS math features
\@mathmargin=\skip52

For additional information on amsmath, use the `?' option.
(/usr/share/texlive/texmf-dist/tex/latex/amsmath/amstext.sty
Package: amstext 2000/06/29 v2.01 AMS text

(/usr/share/texlive/texmf-dist/tex/latex/amsmath/amsgen.sty
File: amsgen.sty 1999/11/30 v2.0 generic functions
\@emptytoks=\toks18
\ex@=\dimen144
))
(/usr/share/texlive/texmf-dist/tex/latex/amsmath/amsbsy.sty
Package: amsbsy 1999/11/29 v1.2d Bold Symbols
\pmbraise@=\dimen145
)
(/usr/share/texlive/texmf-dist/tex/latex/amsmath/amsopn.sty
Package: amsopn 2016/03/08 v2.02 operator names
)
\inf@bad=\count190
LaTeX Info: Redefining \frac on input line 234.
\uproot@=\count191
\leftroot@=\count192
LaTeX Info: Redefining \overline on input line 399.
\classnum@=\count193
\DOTSCASE@=\count194
LaTeX Info: Redefining \ldots on input line 496.
LaTeX Info: Redefining \dots on input line 499.
LaTeX Info: Redefining \cdots on input line 620.
\Mathstrutbox@=\box47
\strutbox@=\box48
\big@size=\dimen146
LaTeX Font Info:    Redeclaring font encoding OML on input line 743.
LaTeX Font Info:    Redeclaring font encoding OMS on input line 744.
\macc@depth=\count195
\c@MaxMatrixCols=\count196
\dotsspace@=\muskip16
\c@parentequation=\count197
\dspbrk@lvl=\count198
\tag@help=\toks19
\row@=\count199
\column@=\count266
\maxfields@=\count267
\andhelp@=\toks20
\eqnshift@=\dimen147
\alignsep@=\dimen148
\tagshift@=\dimen149
\tagwidth@=\dimen150
\totwidth@=\dimen151
\lineht@=\dimen152
\@envbody=\toks21
\multlinegap=\skip53
\multlinetaggap=\skip54
\mathdisplay@stack=\toks22
LaTeX Info: Redefining \[ on input line 2923.
LaTeX Info: Redefining \] on input line 2924.
)
LaTeX Info: Thecontrolsequence`\('isalreadyrobust on input line 130.
LaTeX Info: Thecontrolsequence`\)'isalreadyrobust on input line 130.
LaTeX Info: Thecontrolsequence`\['isalreadyrobust on input line 130.
LaTeX Info: Thecontrolsequence`\]'isalreadyrobust on input line 130.
\g_MT_multlinerow_int=\count268
\l_MT_multwidth_dim=\dimen153
\origjot=\skip55
\l_MT_shortvdotswithinadjustabove_dim=\dimen154
\l_MT_shortvdotswithinadjustbelow_dim=\dimen155
\l_MT_above_intertext_sep=\dimen156
\l_MT_below_intertext_sep=\dimen157
\l_MT_above_shortintertext_sep=\dimen158
\l_MT_below_shortintertext_sep=\dimen159
\xmathstrut@box=\box49
\xmathstrut@dim=\dimen160
)
(/usr/share/texlive/texmf-dist/tex/latex/graphics/graphicx.sty
Package: graphicx 2020/09/09 v1.2b Enhanced LaTeX Graphics (DPC,SPQR)

(/usr/share/texlive/texmf-dist/tex/latex/graphics/graphics.sty
Package: graphics 2020/08/30 v1.4c Standard LaTeX Graphics (DPC,SPQR)

(/usr/share/texlive/texmf-dist/tex/latex/graphics/trig.sty
Package: trig 2016/01/03 v1.10 sin cos tan (DPC)
)
(/usr/share/texlive/texmf-dist/tex/latex/graphics-cfg/graphics.cfg
File: graphics.cfg 2016/06/04 v1.11 sample graphics configuration
)
Package graphics Info: Driver file: pdftex.def on input line 105.

(/usr/share/texlive/texmf-dist/tex/latex/graphics-def/pdftex.def
File: pdftex.def 2020/10/05 v1.2a Graphics/color driver for pdftex
))
\Gin@req@height=\dimen161
\Gin@req@width=\dimen162
)
(/usr/share/texlive/texmf-dist/tex/latex/l3backend/l3backend-pdftex.def
File: l3backend-pdftex.def 2020-01-29 L3 backend support: PDF output (pdfTeX)
\l__color_backend_stack_int=\count269
\l__pdf_internal_box=\box50
)

LaTeX Warning: Unused global option(s):
    [14pt].

No file ti_answers.aux.
\openout1 = `ti_answers.aux'.

LaTeX Font Info:    Checking defaults for OML/cmm/m/it on input line 12.
LaTeX Font Info:    ... okay on input line 12.
LaTeX Font Info:    Checking defaults for OMS/cmsy/m/n on input line 12.
LaTeX Font Info:    ... okay on input line 12.
LaTeX Font Info:    Checking defaults for OT1/cmr/m/n on input line 12.
LaTeX Font Info:    ... okay on input line 12.
LaTeX Font Info:    Checking defaults for T1/cmr/m/n on input line 12.
LaTeX Font Info:    ... okay on input line 12.
LaTeX Font Info:    Checking defaults for TS1/cmr/m/n on input line 12.
LaTeX Font Info:    ... okay on input line 12.
LaTeX Font Info:    Checking defaults for OMX/cmex/m/n on input line 12.
LaTeX Font Info:    ... okay on input line 12.
LaTeX Font Info:    Checking defaults for U/cmr/m/n on input line 12.
LaTeX Font Info:    ... okay on input line 12.
LaTeX Font Info:    Checking defaults for T2A/cmr/m/n on input line 12.
LaTeX Font Info:    ... okay on input line 12.
LaTeX Info: Redefining \th on input line 12.
(/usr/share/texlive/texmf-dist/tex/context/base/mkii/supp-pdf.mkii
[Loading MPS to PDF converter (version 2006.09.02).]
\scratchcounter=\count270
\scratchdimen=\dimen163
\scratchbox=\box51
\nofMPsegments=\count271
\nofMParguments=\count272
\everyMPshowfont=\toks23
\MPscratchCnt=\count273
\MPscratchDim=\dimen164
\MPnumerator=\count274
\makeMPintoPDFobject=\count275
\everyMPtoPDFconversion=\toks24
) (/usr/share/texlive/texmf-dist/tex/latex/epstopdf-pkg/epstopdf-base.sty
Package: epstopdf-base 2020-01-24 v2.11 Base part for package epstopdf
Package epstopdf-base Info: Redefining graphics rule for `.eps' on input line 4
85.

(/usr/share/texlive/texmf-dist/tex/latex/latexconfig/epstopdf-sys.cfg
File: epstopdf-sys.cfg 2010/07/13 v1.3 Configuration of (r)epstopdf for TeX Liv
e
))
Underfull \hbox (badness 10000) in paragraph at lines 24--25

 []


Underfull \hbox (badness 10000) in paragraph at lines 26--27

 []


Underfull \hbox (badness 10000) in paragraph at lines 33--34

 []


Underfull \hbox (badness 10000) in paragraph at lines 35--38

 []


Underfull \hbox (badness 10000) in paragraph at lines 47--48

 []


Underfull \hbox (badness 10000) in paragraph at lines 54--55

 []


Underfull \hbox (badness 10000) in paragraph at lines 62--63

 []


Underfull \hbox (badness 10000) in paragraph at lines 64--65

 []


Underfull \hbox (badness 10000) in paragraph at lines 71--72

 []


Underfull \hbox (badness 10000) in paragraph at lines 73--74

 []


Underfull \hbox (badness 10000) in paragraph at lines 83--84

 []


LaTeX Warning: Command \CYRH invalid in math mode on input line 85.

Missing character: There is no Х in font cmr10!

LaTeX Warning: Command \CYRU invalid in math mode on input line 85.

Missing character: There is no У in font cmr10!

Underfull \hbox (badness 10000) in paragraph at lines 94--95

 []

[1

{/var/lib/texmf/fonts/map/pdftex/updmap/pdftex.map}]
Underfull \hbox (badness 10000) in paragraph at lines 99--101

 []


Underfull \hbox (badness 10000) in paragraph at lines 103--105

 []


Underfull \hbox (badness 10000) in paragraph at lines 107--109

 []


Underfull \hbox (badness 10000) in paragraph at lines 111--112

 []


Underfull \hbox (badness 10000) in paragraph at lines 113--114

 []


Underfull \hbox (badness 10000) in paragraph at lines 116--118

 []


Underfull \hbox (badness 10000) in paragraph at lines 119--120

 []


Underfull \hbox (badness 10000) in paragraph at lines 130--131

 []


Underfull \hbox (badness 10000) in paragraph at lines 132--133

 []


Underfull \hbox (badness 10000) in paragraph at lines 138--139

 []


LaTeX Warning: Command \CYRH invalid in math mode on input line 145.

Missing character: There is no Х in font cmr10!

Underfull \hbox (badness 10000) in paragraph at lines 146--147

 []

[2]
Underfull \hbox (badness 10000) in paragraph at lines 158--159

 []


Underfull \hbox (badness 10000) in paragraph at lines 160--161

 []


LaTeX Warning: Command \cyrr invalid in math mode on input line 165.

Missing character: There is no р in font cmr10!

Underfull \hbox (badness 10000) in paragraph at lines 165--166

 []


Underfull \hbox (badness 10000) in paragraph at lines 168--169

 []


LaTeX Warning: Command \cyrr invalid in math mode on input line 170.

Missing character: There is no р in font cmr10!

Underfull \hbox (badness 10000) in paragraph at lines 170--172

 []


Underfull \hbox (badness 10000) in paragraph at lines 178--179

 []


Underfull \hbox (badness 10000) in paragraph at lines 189--191

 []


Underfull \hbox (badness 10000) in paragraph at lines 193--194

 []

[3]
Underfull \hbox (badness 10000) in paragraph at lines 205--206

 []


Underfull \hbox (badness 10000) in paragraph at lines 215--216

 []


Underfull \hbox (badness 10000) in paragraph at lines 219--220

 []


Underfull \hbox (badness 10000) in paragraph at lines 234--235

 []


Underfull \hbox (badness 10000) in paragraph at lines 254--255

 []


Underfull \hbox (badness 10000) in paragraph at lines 256--257

 []

[4]
Underfull \hbox (badness 10000) in paragraph at lines 273--274

 []


Underfull \hbox (badness 10000) in paragraph at lines 284--285

 []


Underfull \hbox (badness 10000) in paragraph at lines 295--296

 []


Underfull \hbox (badness 10000) in paragraph at lines 297--298

 []


Underfull \hbox (badness 10000) in paragraph at lines 315--316

 []


Underfull \hbox (badness 10000) in paragraph at lines 317--318

 []


Underfull \hbox (badness 10000) in paragraph at lines 320--322

 []

[5]
Underfull \hbox (badness 10000) in paragraph at lines 324--326

 []


Underfull \hbox (badness 10000) in paragraph at lines 328--330

 []


Underfull \hbox (badness 10000) in paragraph at lines 332--334

 []


Underfull \hbox (badness 10000) in paragraph at lines 336--338

 []


Underfull \hbox (badness 10000) in paragraph at lines 340--342

 []


Underfull \hbox (badness 10000) in paragraph at lines 348--349

 []


Underfull \hbox (badness 10000) in paragraph at lines 352--353

 []


Underfull \hbox (badness 10000) in paragraph at lines 359--360

 []


Underfull \hbox (badness 10000) in paragraph at lines 365--366

 []


Underfull \hbox (badness 10000) in paragraph at lines 377--378

 []


Underfull \hbox (badness 10000) in paragraph at lines 384--385

 []

[6]
Underfull \hbox (badness 10000) in paragraph at lines 391--392

 []


Underfull \hbox (badness 10000) in paragraph at lines 398--399

 []


Underfull \hbox (badness 10000) in paragraph at lines 404--405

 []


Underfull \hbox (badness 10000) in paragraph at lines 409--410

 []


Underfull \hbox (badness 10000) in paragraph at lines 414--415

 []


Underfull \hbox (badness 10000) in paragraph at lines 422--423

 []


Underfull \hbox (badness 10000) in paragraph at lines 429--430

 []

[7]
Underfull \hbox (badness 10000) in paragraph at lines 487--488

 []

[8]
Underfull \hbox (badness 10000) in paragraph at lines 567--568

 []

[9]
Underfull \hbox (badness 10000) in paragraph at lines 601--602

 []

<code_tree.png, id=44, 870.25125pt x 638.385pt>
File: code_tree.png Graphic file (type png)
<use code_tree.png>
Package pdftex.def Info: code_tree.png  used on input line 613.
(pdftex.def)             Requested size: 256.0748pt x 187.84462pt.

Underfull \hbox (badness 10000) in paragraph at lines 625--626

 []

[10 <./code_tree.png>]
Underfull \hbox (badness 10000) in paragraph at lines 633--634

 []


Underfull \hbox (badness 10000) in paragraph at lines 671--672

 []


LaTeX Warning: Command \cyrs invalid in math mode on input line 680.


LaTeX Warning: Command \cyro invalid in math mode on input line 680.


LaTeX Warning: Command \cyrm invalid in math mode on input line 680.


LaTeX Warning: Command \cyrn invalid in math mode on input line 680.


LaTeX Warning: Command \cyro invalid in math mode on input line 680.


LaTeX Warning: Command \cyrzh invalid in math mode on input line 680.


LaTeX Warning: Command \cyri invalid in math mode on input line 680.


LaTeX Warning: Command \cyrt invalid in math mode on input line 680.


LaTeX Warning: Command \cyre invalid in math mode on input line 680.


LaTeX Warning: Command \cyrl invalid in math mode on input line 680.


LaTeX Warning: Command \cyre invalid in math mode on input line 680.


LaTeX Warning: Command \cyrishrt invalid in math mode on input line 680.

Missing character: There is no с in font cmr7!
Missing character: There is no о in font cmr7!
Missing character: There is no м in font cmr7!
Missing character: There is no н in font cmr7!
Missing character: There is no о in font cmr7!
Missing character: There is no ж in font cmr7!
Missing character: There is no и in font cmr7!
Missing character: There is no т in font cmr7!
Missing character: There is no е in font cmr7!
Missing character: There is no л in font cmr7!
Missing character: There is no е in font cmr7!
Missing character: There is no й in font cmr7!
[11]
Underfull \hbox (badness 10000) in paragraph at lines 701--702

 []


LaTeX Warning: Command \CYRH invalid in math mode on input line 705.

Missing character: There is no Х in font cmr10!

LaTeX Warning: Command \CYRN invalid in math mode on input line 719.

Missing character: There is no Н in font cmr10!

Underfull \hbox (badness 10000) in paragraph at lines 726--727

 []

[12]
Underfull \hbox (badness 10000) in paragraph at lines 755--756

 []


Underfull \hbox (badness 10000) in paragraph at lines 764--765

 []


LaTeX Warning: Command \CYRH invalid in math mode on input line 766.

Missing character: There is no Х in font cmr10!
<huffman_1.png, id=57, 866.23625pt x 643.40375pt>
File: huffman_1.png Graphic file (type png)
<use huffman_1.png>
Package pdftex.def Info: huffman_1.png  used on input line 775.
(pdftex.def)             Requested size: 256.0748pt x 190.19516pt.
<huffman_2.png, id=58, 866.23625pt x 614.295pt>
File: huffman_2.png Graphic file (type png)
<use huffman_2.png>
Package pdftex.def Info: huffman_2.png  used on input line 781.
(pdftex.def)             Requested size: 256.0748pt x 181.59038pt.

Underfull \hbox (badness 10000) in paragraph at lines 786--787

 []

[13 <./huffman_1.png>]
Underfull \hbox (badness 10000) in paragraph at lines 830--831

 []

[14 <./huffman_2.png>]
Underfull \hbox (badness 10000) in paragraph at lines 849--850

 []

<gallager_mark.png, id=68, 862.22125pt x 610.28pt>
File: gallager_mark.png Graphic file (type png)
<use gallager_mark.png>
Package pdftex.def Info: gallager_mark.png  used on input line 868.
(pdftex.def)             Requested size: 256.0748pt x 181.24161pt.

Underfull \hbox (badness 10000) in paragraph at lines 873--874

 []

<shennon_alg.png, id=69, 862.22125pt x 613.29124pt>
File: shennon_alg.png Graphic file (type png)
<use shennon_alg.png>
Package pdftex.def Info: shennon_alg.png  used on input line 886.
(pdftex.def)             Requested size: 256.0748pt x 182.1359pt.
<shennon_example.png, id=70, 862.22125pt x 611.28375pt>
File: shennon_example.png Graphic file (type png)
<use shennon_example.png>
Package pdftex.def Info: shennon_example.png  used on input line 892.
(pdftex.def)             Requested size: 256.0748pt x 181.5397pt.

Underfull \hbox (badness 10000) in paragraph at lines 898--899

 []

<shennon_inter.png, id=71, 862.22125pt x 616.3025pt>
File: shennon_inter.png Graphic file (type png)
<use shennon_inter.png>
Package pdftex.def Info: shennon_inter.png  used on input line 902.
(pdftex.def)             Requested size: 256.0748pt x 183.03018pt.
[15 <./gallager_mark.png>] [16 <./shennon_alg.png> <./shennon_example.png> <./s
hennon_inter.png>]
Underfull \hbox (badness 10000) in paragraph at lines 918--919

 []

<gilbert_alg.png, id=82, 863.225pt x 595.22375pt>
File: gilbert_alg.png Graphic file (type png)
<use gilbert_alg.png>
Package pdftex.def Info: gilbert_alg.png  used on input line 939.
(pdftex.def)             Requested size: 256.0748pt x 176.57037pt.
<gilbert_example.png, id=83, 862.22125pt x 607.26875pt>
File: gilbert_example.png Graphic file (type png)
<use gilbert_example.png>
Package pdftex.def Info: gilbert_example.png  used on input line 945.
(pdftex.def)             Requested size: 256.0748pt x 180.34732pt.

Underfull \hbox (badness 10000) in paragraph at lines 951--952

 []

[17 <./gilbert_alg.png>]
Underfull \hbox (badness 10000) in paragraph at lines 975--976

 []


Underfull \hbox (badness 10000) in paragraph at lines 996--997

 []

[18 <./gilbert_example.png>]
Underfull \hbox (badness 10000) in paragraph at lines 1019--1020

 []


Underfull \hbox (badness 10000) in paragraph at lines 1060--1061

 []


Overfull \hbox (9.65306pt too wide) in paragraph at lines 1064--1065
\T2A/cmr/m/n/10 тель-но-сти мно-же-ства $\OML/cmm/m/it/10 X[] \OT1/cmr/m/n/10 =
 \OMS/cmsy/m/n/10 f\OML/cmm/m/it/10 x\OMS/cmsy/m/n/10 g$\T2A/cmr/m/n/10 . Для з
а-пи-си под-по-сле-до-ва-тель-но-сти $\OT1/cmr/m/n/10 (\OML/cmm/m/it/10 x[]; ::
:; x[]\OT1/cmr/m/n/10 )$ \T2A/cmr/m/n/10 в по-сле-до-ва-тель-но-сти $\OML/cmm/m
/it/10 x \OT1/cmr/m/n/10 = (\OML/cmm/m/it/10 x[]; :::; x[]\OT1/cmr/m/n/10 )$
 []

[19]
<aryph_alg.png, id=96, 867.24pt x 609.27625pt>
File: aryph_alg.png Graphic file (type png)
<use aryph_alg.png>
Package pdftex.def Info: aryph_alg.png  used on input line 1106.
(pdftex.def)             Requested size: 256.0748pt x 179.90227pt.
<aryph_example.png, id=97, 863.225pt x 609.27625pt>
File: aryph_example.png Graphic file (type png)
<use aryph_example.png>
Package pdftex.def Info: aryph_example.png  used on input line 1112.
(pdftex.def)             Requested size: 256.0748pt x 180.73898pt.

Underfull \hbox (badness 10000) in paragraph at lines 1117--1118

 []

[20]
Underfull \hbox (badness 10000) in paragraph at lines 1139--1140

 []

<aryph_decode_alg.png, id=101, 865.2325pt x 590.205pt>
File: aryph_decode_alg.png Graphic file (type png)
<use aryph_decode_alg.png>
Package pdftex.def Info: aryph_decode_alg.png  used on input line 1151.
(pdftex.def)             Requested size: 256.0748pt x 174.67633pt.
<aryph_decode_example.png, id=102, 987.69pt x 658.46pt>
File: aryph_decode_example.png Graphic file (type png)
<use aryph_decode_example.png>
Package pdftex.def Info: aryph_decode_example.png  used on input line 1157.
(pdftex.def)             Requested size: 256.0748pt x 170.71329pt.

LaTeX Warning: `!h' float specifier changed to `!ht'.


Underfull \hbox (badness 10000) in paragraph at lines 1162--1163

 []

[21 <./aryph_alg.png> <./aryph_example.png>]
Underfull \hbox (badness 10000) in paragraph at lines 1171--1172

 []


Underfull \hbox (badness 10000) in paragraph at lines 1192--1193

 []

[22 <./aryph_decode_alg.png> <./aryph_decode_example.png>]
Underfull \hbox (badness 10000) in paragraph at lines 1202--1203

 []


Underfull \hbox (badness 10000) in paragraph at lines 1217--1218

 []


Underfull \hbox (badness 10000) in paragraph at lines 1234--1235

 []


Underfull \hbox (badness 10000) in paragraph at lines 1239--1240

 []


Underfull \hbox (badness 10000) in paragraph at lines 1250--1252

 []

[23]
Underfull \hbox (badness 10000) in paragraph at lines 1309--1310

 []


Underfull \hbox (badness 10000) in paragraph at lines 1319--1320

 []

[24]
Underfull \hbox (badness 10000) in paragraph at lines 1376--1377

 []

[25]
Underfull \hbox (badness 10000) in paragraph at lines 1385--1386

 []


Underfull \hbox (badness 10000) in paragraph at lines 1414--1415

 []

<compare.png, id=123, 1057.9525pt x 647.41875pt>
File: compare.png Graphic file (type png)
<use compare.png>
Package pdftex.def Info: compare.png  used on input line 1424.
(pdftex.def)             Requested size: 256.0748pt x 156.70743pt.

Underfull \hbox (badness 10000) in paragraph at lines 1429--1430

 []

[26 <./compare.png>] [27]
Underfull \hbox (badness 10000) in paragraph at lines 1495--1496

 []


Underfull \hbox (badness 10000) in paragraph at lines 1515--1516

 []


Underfull \hbox (badness 10000) in paragraph at lines 1527--1528

 []


Underfull \hbox (badness 10000) in paragraph at lines 1541--1542

 []

[28]
Underfull \hbox (badness 10000) in paragraph at lines 1572--1573

 []


Underfull \hbox (badness 10000) in paragraph at lines 1599--1600

 []

[29]
Underfull \hbox (badness 10000) in paragraph at lines 1639--1640

 []


LaTeX Warning: Command \cyrh invalid in math mode on input line 1647.


LaTeX Warning: Command \cyrh invalid in math mode on input line 1647.


LaTeX Warning: Command \cyrh invalid in math mode on input line 1647.

Missing character: There is no х in font cmr10!
Missing character: There is no х in font cmr10!
Missing character: There is no х in font cmr10!
<lz77_alg.png, id=137, 727.71875pt x 644.4075pt>
File: lz77_alg.png Graphic file (type png)
<use lz77_alg.png>
Package pdftex.def Info: lz77_alg.png  used on input line 1651.
(pdftex.def)             Requested size: 256.0748pt x 226.76527pt.
<lzfg_alg.png, id=138, 1023.825pt x 649.42625pt>
File: lzfg_alg.png Graphic file (type png)
<use lzfg_alg.png>
Package pdftex.def Info: lzfg_alg.png  used on input line 1670.
(pdftex.def)             Requested size: 256.0748pt x 162.42552pt.

LaTeX Warning: `!h' float specifier changed to `!ht'.


Underfull \hbox (badness 10000) in paragraph at lines 1675--1676

 []

[30]
<lzw_alg.png, id=142, 1021.8175pt x 660.4675pt>
File: lzw_alg.png Graphic file (type png)
<use lzw_alg.png>
Package pdftex.def Info: lzw_alg.png  used on input line 1687.
(pdftex.def)             Requested size: 256.0748pt x 165.5095pt.

Underfull \hbox (badness 10000) in paragraph at lines 1692--1693

 []

[31 <./lz77_alg.png> <./lzfg_alg.png>]
<ppm_alg.png, id=147, 1023.825pt x 652.4375pt>
File: ppm_alg.png Graphic file (type png)
<use ppm_alg.png>
Package pdftex.def Info: ppm_alg.png  used on input line 1712.
(pdftex.def)             Requested size: 256.0748pt x 163.17865pt.

Underfull \hbox (badness 10000) in paragraph at lines 1717--1718

 []

[32 <./lzw_alg.png> <./ppm_alg.png>]
Underfull \hbox (badness 10000) in paragraph at lines 1730--1731

 []

<compare_archive_algs.png, id=151, 1034.86626pt x 618.31pt>
File: compare_archive_algs.png Graphic file (type png)
<use compare_archive_algs.png>
Package pdftex.def Info: compare_archive_algs.png  used on input line 1740.
(pdftex.def)             Requested size: 256.0748pt x 153.00153pt.

Underfull \hbox (badness 10000) in paragraph at lines 1745--1746

 []


Overfull \hbox (6.71082pt too wide) in paragraph at lines 1750--1751
[]\T2A/cmr/m/n/10 Кодом ка-на-ла над ал-фа-ви-том $\OML/cmm/m/it/10 X$ \T2A/cmr
/m/n/10 на-зы-ва-ет-ся лю-бое мно-же-ство по-сле-до-ва-тель-но-стей $\OML/cmm/m
/it/10 A \OT1/cmr/m/n/10 = \OMS/cmsy/m/n/10 f\OML/cmm/m/it/10 x[]\OMS/cmsy/m/n/
10 g\OML/cmm/m/it/10 ; m \OT1/cmr/m/n/10 = 1\OML/cmm/m/it/10 ; :::; M; A \OMS/c
msy/m/n/10 2
 []


Underfull \hbox (badness 10000) in paragraph at lines 1761--1762

 []

[33 <./compare_archive_algs.png>]
Underfull \hbox (badness 10000) in paragraph at lines 1818--1819

 []

[34]
Underfull \hbox (badness 10000) in paragraph at lines 1846--1847

 []


Overfull \hbox (4.80936pt too wide) in paragraph at lines 1848--1849
\T2A/cmr/m/n/10 во-лам, на-блю-да-е-мым на вхо-де ка-на-ла. Го-во-ря бо-лее фор
-маль-но, для за-дан-но-го про-из-ве-де-ния $\OML/cmm/m/it/10 XY \OT1/cmr/m/n/1
0 = \OMS/cmsy/m/n/10 f\OT1/cmr/m/n/10 (\OML/cmm/m/it/10 x; y\OT1/cmr/m/n/10 )\O
ML/cmm/m/it/10 ; p\OT1/cmr/m/n/10 (\OML/cmm/m/it/10 x; y\OT1/cmr/m/n/10 )\OMS/c
msy/m/n/10 g$
 []


LaTeX Warning: Command \CYRN invalid in math mode on input line 1868.


LaTeX Warning: Command \textemdash invalid in math mode on input line 1868.

Missing character: There is no Н in font cmr10!

Underfull \hbox (badness 10000) in paragraph at lines 1876--1877

 []

[35]
Underfull \hbox (badness 10000) in paragraph at lines 1905--1906

 []


Underfull \hbox (badness 10000) in paragraph at lines 1928--1929

 []

[36]
Underfull \hbox (badness 10000) in paragraph at lines 1994--1995

 []


Underfull \hbox (badness 10000) in paragraph at lines 2019--2020

 []


Underfull \hbox (badness 10000) in paragraph at lines 2049--2050

 []

[37]
Underfull \hbox (badness 10000) in paragraph at lines 2126--2127

 []

<gates.png, id=168, 1034.86626pt x 653.44125pt>
File: gates.png Graphic file (type png)
<use gates.png>
Package pdftex.def Info: gates.png  used on input line 2141.
(pdftex.def)             Requested size: 256.0748pt x 161.6948pt.

Underfull \hbox (badness 10000) in paragraph at lines 2154--2155

 []

[38] [39 <./gates.png>] (./ti_answers.aux) ) 
Here is how much of TeX's memory you used:
 4097 strings out of 480726
 56972 string characters out of 5907434
 365563 words of memory out of 5000000
 21005 multiletter control sequences out of 15000+600000
 409090 words of font info for 36 fonts, out of 8000000 for 9000
 430 hyphenation exceptions out of 8191
 81i,17n,88p,1318b,262s stack positions out of 5000i,500n,10000p,200000b,80000s
 </home/dimonchik/.texlive2020/texm
f-var/fonts/pk/ljfour/lh/lh-t2a/labx0700.600pk> </home/dimonchik/.texlive2020/t
exmf-var/fonts/pk/ljfour/jknappen/ec/tcrm1000.600pk> </home/dimonchik/.texlive2
020/texmf-var/fonts/pk/ljfour/lh/lh-t2a/larm1000.600pk> </home/dimonchik/.texli
ve2020/texmf-var/fonts/pk/ljfour/lh/lh-t2a/labx1000.600pk></usr/share/texlive/t
exmf-dist/fonts/type1/public/amsfonts/cm/cmex10.pfb></usr/share/texlive/texmf-d
ist/fonts/type1/public/amsfonts/cm/cmmi10.pfb></usr/share/texlive/texmf-dist/fo
nts/type1/public/amsfonts/cm/cmmi5.pfb></usr/share/texlive/texmf-dist/fonts/typ
e1/public/amsfonts/cm/cmmi7.pfb></usr/share/texlive/texmf-dist/fonts/type1/publ
ic/amsfonts/cm/cmr10.pfb></usr/share/texlive/texmf-dist/fonts/type1/public/amsf
onts/cm/cmr5.pfb></usr/share/texlive/texmf-dist/fonts/type1/public/amsfonts/cm/
cmr7.pfb></usr/share/texlive/texmf-dist/fonts/type1/public/amsfonts/cm/cmsy10.p
fb></usr/share/texlive/texmf-dist/fonts/type1/public/amsfonts/cm/cmsy5.pfb></us
r/share/texlive/texmf-dist/fonts/type1/public/amsfonts/cm/cmsy7.pfb>
Output written on ti_answers.pdf (39 pages, 3961898 bytes).
PDF statistics:
 438 PDF objects out of 1000 (max. 8388607)
 136 compressed objects within 2 object streams
 0 named destinations out of 1000 (max. 500000)
 101 words of extra memory for PDF output out of 10000 (max. 10000000)

